<?xml version="1.0" encoding="UTF-8"?>
<!-- Generated by org.testng.reporters.JUnitReportReporter -->
<testsuite skipped="0" hostname="DESKTOP-J0V6OM6" name="testngPractice" tests="1" failures="0" timestamp="17 Jul 2020 15:01:07 GMT" time="24.402" errors="0">
  <testcase name="test" time="24.402" classname="testngPractice"/>
</testsuite> <!-- testngPractice -->
